<?xml version="1.0" encoding="utf-8"?><testsuites name="pytest tests"><testsuite name="pytest" errors="0" failures="0" skipped="0" tests="7" time="39.931" timestamp="2026-07-06T15:19:45.003882+00:00" hostname="agent-env-29ea25b8-e10c-4459-a6ad-499c6a5e583e"><testcase classname="backend.tests.test_reporte_ejecutivo_avance_categoria" name="test_grafica_horizontal_eliminada[Hotel Marriott GDL-51a604b9-e513-4a9b-ab96-b9706cae0dda]" time="8.969" /><testcase classname="backend.tests.test_reporte_ejecutivo_avance_categoria" name="test_grafica_horizontal_eliminada[Torre Mezquitan-2e38ce19-3ce3-4bf1-a7be-84b2f5a1049f]" time="0.563" /><testcase classname="backend.tests.test_reporte_ejecutivo_avance_categoria" name="test_grafica_horizontal_eliminada[Proyecto E2E 3 Fases Test-808bcba5-7792-492e-a2ee-fd9ff10e6e5e]" time="6.899" /><testcase classname="backend.tests.test_reporte_ejecutivo_avance_categoria" name="test_hotel_marriott_semana_corte_desde_avances" time="7.855" /><testcase classname="backend.tests.test_reporte_ejecutivo_avance_categoria" name="test_tabla_5_columnas_hotel_marriott" time="7.855" /><testcase classname="backend.tests.test_reporte_ejecutivo_avance_categoria" name="test_torre_mezquitan_fallback_semana_corte_por_fecha" time="0.512" /><testcase classname="backend.tests.test_reporte_ejecutivo_avance_categoria" name="test_regresion_sin_programa_semanal_no_falla" time="7.210" /></testsuite></testsuites>