<?xml version="1.0" encoding="utf-8"?><testsuites name="pytest tests"><testsuite name="pytest" errors="0" failures="0" skipped="0" tests="11" time="2.743" timestamp="2026-07-04T05:32:08.733651+00:00" hostname="agent-env-29ea25b8-e10c-4459-a6ad-499c6a5e583e"><testcase classname="backend.tests.test_constructoras.TestConstructorasCRUD" name="test_create_returned_id_and_logo" time="0.525" /><testcase classname="backend.tests.test_constructoras.TestConstructorasCRUD" name="test_list_admin_requires_auth" time="0.093" /><testcase classname="backend.tests.test_constructoras.TestConstructorasCRUD" name="test_list_admin_ok" time="0.096" /><testcase classname="backend.tests.test_constructoras.TestConstructorasCRUD" name="test_update_multipart" time="0.101" /><testcase classname="backend.tests.test_constructoras.TestConstructorasCRUD" name="test_public_endpoint_no_auth" time="0.094" /><testcase classname="backend.tests.test_constructoras.TestConstructorasCRUD" name="test_logo_binary" time="0.106" /><testcase classname="backend.tests.test_constructoras.TestValidations" name="test_reject_large_logo" time="0.459" /><testcase classname="backend.tests.test_constructoras.TestValidations" name="test_reject_bad_format" time="0.096" /><testcase classname="backend.tests.test_constructoras.TestValidations" name="test_reject_empty_name" time="0.099" /><testcase classname="backend.tests.test_constructoras.TestProyectoConstructoraId" name="test_create_and_persist" time="0.398" /><testcase classname="backend.tests.test_constructoras.TestProyectoConstructoraId" name="test_delete_constructora_unlinks_project" time="0.638" /></testsuite></testsuites>