<?xml version="1.0" encoding="utf-8"?><testsuites name="pytest tests"><testsuite name="pytest" errors="0" failures="0" skipped="0" tests="12" time="4.426" timestamp="2026-06-02T23:45:13.273124+00:00" hostname="agent-env-29ea25b8-e10c-4459-a6ad-499c6a5e583e"><testcase classname="backend.tests.test_comparativa_semanal.TestImportarCronograma" name="test_importar_devuelve_programa_semanal" time="1.716" /><testcase classname="backend.tests.test_comparativa_semanal.TestImportarCronograma" name="test_programa_estructura_campos" time="0.000" /><testcase classname="backend.tests.test_comparativa_semanal.TestImportarCronograma" name="test_semana_0_y_1_solo_excavacion" time="0.000" /><testcase classname="backend.tests.test_comparativa_semanal.TestCrearYComparativa" name="test_comparativa_estructura" time="0.290" /><testcase classname="backend.tests.test_comparativa_semanal.TestCrearYComparativa" name="test_semana_objeto_tiene_campos_clave" time="0.119" /><testcase classname="backend.tests.test_comparativa_semanal.TestCrearYComparativa" name="test_estado_pendiente_sin_avances" time="0.113" /><testcase classname="backend.tests.test_comparativa_semanal.TestCrearYComparativa" name="test_cliente_sin_asignacion_recibe_403" time="0.493" /><testcase classname="backend.tests.test_comparativa_semanal.TestCrearYComparativa" name="test_proyecto_inexistente_devuelve_404" time="0.234" /><testcase classname="backend.tests.test_comparativa_semanal.TestRegresionCaras" name="test_listado_proyectos_ok" time="0.109" /><testcase classname="backend.tests.test_comparativa_semanal.TestRegresionCaras" name="test_caras_endpoint_get" time="0.234" /><testcase classname="backend.tests.test_comparativa_semanal.TestRegresionEndpointsBase" name="test_avance_financiero" time="0.252" /><testcase classname="backend.tests.test_comparativa_semanal.TestRegresionEndpointsBase" name="test_reporte_ejecutivo_pdf" time="0.823" /></testsuite></testsuites>