<?xml version="1.0" encoding="utf-8"?><testsuites name="pytest tests"><testsuite name="pytest" errors="0" failures="0" skipped="1" tests="15" time="4.538" timestamp="2026-06-18T19:32:14.539623+00:00" hostname="agent-env-29ea25b8-e10c-4459-a6ad-499c6a5e583e"><testcase classname="backend.tests.test_directores_alertas_comentarios.TestDirectoresCRUD" name="test_list_directores_admin" time="0.609" /><testcase classname="backend.tests.test_directores_alertas_comentarios.TestDirectoresCRUD" name="test_list_directores_forbidden_for_cliente" time="0.452" /><testcase classname="backend.tests.test_directores_alertas_comentarios.TestDirectoresCRUD" name="test_create_director" time="0.212" /><testcase classname="backend.tests.test_directores_alertas_comentarios.TestDirectoresCRUD" name="test_update_director_toggle_activo" time="0.244" /><testcase classname="backend.tests.test_directores_alertas_comentarios.TestDirectoresCRUD" name="test_update_director_404" time="0.114" /><testcase classname="backend.tests.test_directores_alertas_comentarios.TestDirectoresCRUD" name="test_create_director_invalid" time="0.103" /><testcase classname="backend.tests.test_directores_alertas_comentarios.TestDirectoresCRUD" name="test_delete_director" time="1.018" /><testcase classname="backend.tests.test_directores_alertas_comentarios.TestDirectoresCRUD" name="test_zzz_cleanup" time="0.140" /><testcase classname="backend.tests.test_directores_alertas_comentarios.TestAlertaDesviacion" name="test_alerta_sin_forzar" time="0.227" /><testcase classname="backend.tests.test_directores_alertas_comentarios.TestAlertaDesviacion" name="test_historial_alertas_admin" time="0.110" /><testcase classname="backend.tests.test_directores_alertas_comentarios.TestAlertaDesviacion" name="test_historial_alertas_cliente_no_access" time="0.123" /><testcase classname="backend.tests.test_directores_alertas_comentarios.TestAlertaDesviacion" name="test_alerta_forzar_idempotencia" time="0.353"><skipped type="pytest.skip" message="Proyecto sin programa/avances suficiente para forzar alerta">/app/backend/tests/test_directores_alertas_comentarios.py:171: Proyecto sin programa/avances suficiente para forzar alerta</skipped></testcase><testcase classname="backend.tests.test_directores_alertas_comentarios.TestComentariosSemana" name="test_upsert_comentario" time="0.471" /><testcase classname="backend.tests.test_directores_alertas_comentarios.TestComentariosSemana" name="test_cliente_no_puede_editar" time="0.219" /><testcase classname="backend.tests.test_directores_alertas_comentarios.TestComentariosSemana" name="test_cliente_puede_get_si_asignado" time="0.106" /></testsuite></testsuites>