<?xml version="1.0" encoding="utf-8"?><testsuites name="pytest tests"><testsuite name="pytest" errors="0" failures="0" skipped="1" tests="53" time="24.890" timestamp="2026-05-11T20:10:19.786310+00:00" hostname="agent-env-29ea25b8-e10c-4459-a6ad-499c6a5e583e"><testcase classname="backend.tests.test_refactored_backend.TestAPIRoot" name="test_api_root_returns_200" time="0.173" /><testcase classname="backend.tests.test_refactored_backend.TestAuthenticationAfterRefactor" name="test_admin_login" time="0.474" /><testcase classname="backend.tests.test_refactored_backend.TestAuthenticationAfterRefactor" name="test_client_login" time="0.368" /><testcase classname="backend.tests.test_refactored_backend.TestAuthenticationAfterRefactor" name="test_invalid_login" time="0.145" /><testcase classname="backend.tests.test_refactored_backend.TestAuthenticationAfterRefactor" name="test_auth_me_with_token" time="0.514" /><testcase classname="backend.tests.test_refactored_backend.TestProyectosEndpoints" name="test_list_proyectos" time="0.143" /><testcase classname="backend.tests.test_refactored_backend.TestProyectosEndpoints" name="test_get_proyecto_by_id" time="0.270" /><testcase classname="backend.tests.test_refactored_backend.TestProyectosEndpoints" name="test_get_proyecto_not_found" time="0.129" /><testcase classname="backend.tests.test_refactored_backend.TestProyectosEndpoints" name="test_create_and_delete_proyecto" time="0.514" /><testcase classname="backend.tests.test_refactored_backend.TestEstadisticasEndpoint" name="test_get_estadisticas_resumen" time="0.174" /><testcase classname="backend.tests.test_refactored_backend.TestAvancesSemanales" name="test_list_avances_semanales" time="0.294" /><testcase classname="backend.tests.test_refactored_backend.TestAvancesSemanales" name="test_create_avance_semanal" time="0.554" /><testcase classname="backend.tests.test_refactored_backend.TestExportEndpoints" name="test_export_excel" time="0.159" /><testcase classname="backend.tests.test_refactored_backend.TestExportEndpoints" name="test_export_pdf" time="0.169" /><testcase classname="backend.tests.test_refactored_backend.TestSolicitudesVuelo" name="test_list_solicitudes_as_admin" time="0.500" /><testcase classname="backend.tests.test_refactored_backend.TestSolicitudesVuelo" name="test_list_solicitudes_as_client" time="0.500" /><testcase classname="backend.tests.test_refactored_backend.TestSolicitudesVuelo" name="test_create_solicitud_as_client" time="0.879" /><testcase classname="backend.tests.test_refactored_backend.TestVuelosEndpoints" name="test_list_vuelos" time="0.122" /><testcase classname="backend.tests.test_refactored_backend.TestVuelosEndpoints" name="test_create_and_delete_vuelo" time="0.583" /><testcase classname="backend.tests.test_refactored_backend.TestUsersEndpoint" name="test_admin_can_list_users" time="0.480" /><testcase classname="backend.tests.test_refactored_backend.TestUsersEndpoint" name="test_client_cannot_list_users" time="0.487" /><testcase classname="backend.tests.test_extracted_routes.TestNotificaciones" name="test_get_notificaciones_admin" time="0.491" /><testcase classname="backend.tests.test_extracted_routes.TestNotificaciones" name="test_get_notificaciones_unauth" time="0.125" /><testcase classname="backend.tests.test_extracted_routes.TestComparaciones" name="test_list_comparaciones" time="0.249" /><testcase classname="backend.tests.test_extracted_routes.TestComparaciones" name="test_comparar_avance_validation" time="0.109" /><testcase classname="backend.tests.test_extracted_routes.TestExportar" name="test_export_excel" time="0.179" /><testcase classname="backend.tests.test_extracted_routes.TestExportar" name="test_export_pdf" time="0.133" /><testcase classname="backend.tests.test_extracted_routes.TestReporteEjecutivo" name="test_reporte_ejecutivo_pdf" time="0.123" /><testcase classname="backend.tests.test_extracted_routes.TestReporteEjecutivo" name="test_reporte_ejecutivo_invalid_project" time="0.100" /><testcase classname="backend.tests.test_extracted_routes.TestSolicitudesVuelo" name="test_list_admin" time="0.134" /><testcase classname="backend.tests.test_extracted_routes.TestSolicitudesVuelo" name="test_list_client" time="0.481" /><testcase classname="backend.tests.test_extracted_routes.TestSolicitudesVuelo" name="test_create_and_update_estado" time="0.623" /><testcase classname="backend.tests.test_extracted_routes.TestCronograma" name="test_plantilla_cronograma" time="0.149" /><testcase classname="backend.tests.test_extracted_routes.TestCronograma" name="test_frentes_endpoint" time="0.139" /><testcase classname="backend.tests.test_extracted_routes.TestCronograma" name="test_actualizar_cronograma_validation" time="0.148" /><testcase classname="backend.tests.test_extracted_routes.TestMaquinariaIA" name="test_dashboard_comparaciones_resumen" time="0.107" /><testcase classname="backend.tests.test_extracted_routes.TestMaquinariaIA" name="test_analizar_catalogo_maquinaria_validation" time="0.145" /><testcase classname="backend.tests.test_extracted_routes.TestMaquinariaIA" name="test_comparar_plan_ia_validation" time="0.142" /><testcase classname="backend.tests.test_extracted_routes.TestAnalisisIA" name="test_get_analisis_ia" time="0.147" /><testcase classname="backend.tests.test_extracted_routes.TestAnalisisIA" name="test_foto_avance_validation" time="0.137" /><testcase classname="backend.tests.test_extracted_routes.TestAnalisisIA" name="test_generar_reporte_ia_reachable" time="9.526" /><testcase classname="backend.tests.test_extracted_routes.TestModelo3DPreview" name="test_generar_preview_reachable" time="1.139"><skipped type="pytest.skip" message="Stale modelo data (file missing): {&quot;detail&quot;:&quot;No se pudo leer el modelo original. El archivo puede no existir en el servidor.&quot;}">/app/backend/tests/test_extracted_routes.py:325: Stale modelo data (file missing): {"detail":"No se pudo leer el modelo original. El archivo puede no existir en el servidor."}</skipped></testcase><testcase classname="backend.tests.test_chunked_upload.TestInitUpload" name="test_init_upload_success" time="0.572" /><testcase classname="backend.tests.test_chunked_upload.TestInitUpload" name="test_init_upload_invalid_extension" time="0.063" /><testcase classname="backend.tests.test_chunked_upload.TestInitUpload" name="test_init_upload_avance_not_found" time="0.064" /><testcase classname="backend.tests.test_chunked_upload.TestUploadChunk" name="test_upload_chunk_success" time="0.258" /><testcase classname="backend.tests.test_chunked_upload.TestUploadChunk" name="test_upload_chunk_invalid_session" time="0.135" /><testcase classname="backend.tests.test_chunked_upload.TestCompleteUpload" name="test_complete_upload_success" time="0.410" /><testcase classname="backend.tests.test_chunked_upload.TestCompleteUpload" name="test_complete_upload_missing_chunks" time="0.237" /><testcase classname="backend.tests.test_chunked_upload.TestCompleteUpload" name="test_complete_upload_invalid_session" time="0.062" /><testcase classname="backend.tests.test_chunked_upload.TestChunksCleanup" name="test_chunks_deleted_after_complete" time="0.386" /><testcase classname="backend.tests.test_chunked_upload.TestAvanceUpdate" name="test_avance_updated_with_model_url" time="0.291" /><testcase classname="backend.tests.test_chunked_upload.TestGridFSModelAccess" name="test_access_model_from_gridfs" time="0.186" /></testsuite></testsuites>