<?xml version="1.0" encoding="utf-8"?><testsuites name="pytest tests"><testsuite name="pytest" errors="0" failures="0" skipped="0" tests="15" time="3.652" timestamp="2026-06-02T21:18:43.919618+00:00" hostname="agent-env-29ea25b8-e10c-4459-a6ad-499c6a5e583e"><testcase classname="backend.tests.test_caras_excavacion.TestCarasExcavacionConfig" name="test_get_caras_empty_initially" time="0.702" /><testcase classname="backend.tests.test_caras_excavacion.TestCarasExcavacionConfig" name="test_put_requires_exactly_4_caras" time="0.163" /><testcase classname="backend.tests.test_caras_excavacion.TestCarasExcavacionConfig" name="test_put_caras_admin" time="0.127" /><testcase classname="backend.tests.test_caras_excavacion.TestCarasExcavacionConfig" name="test_project_aggregates_after_config" time="0.162" /><testcase classname="backend.tests.test_caras_excavacion.TestToggleCelda" name="test_toggle_pila_admin" time="0.145" /><testcase classname="backend.tests.test_caras_excavacion.TestToggleCelda" name="test_toggle_persists_and_recalcs" time="0.353" /><testcase classname="backend.tests.test_caras_excavacion.TestToggleCelda" name="test_toggle_invalid_tipo" time="0.124" /><testcase classname="backend.tests.test_caras_excavacion.TestToggleCelda" name="test_toggle_invalid_cara_idx" time="0.116" /><testcase classname="backend.tests.test_caras_excavacion.TestToggleCelda" name="test_toggle_invalid_cell_idx" time="0.119" /><testcase classname="backend.tests.test_caras_excavacion.TestToggleCelda" name="test_toggle_forbidden_for_client" time="0.456" /><testcase classname="backend.tests.test_caras_excavacion.TestToggleCelda" name="test_put_caras_forbidden_for_client" time="0.118" /><testcase classname="backend.tests.test_caras_excavacion.TestResumen" name="test_resumen_aggregates_correctly" time="0.148" /><testcase classname="backend.tests.test_caras_excavacion.TestReporteEjecutivoPDF" name="test_pdf_generated_with_charts" time="0.376" /><testcase classname="backend.tests.test_caras_excavacion.TestAvanceFinanciero" name="test_avance_financiero_uses_caras" time="0.137" /><testcase classname="backend.tests.test_caras_excavacion.TestExistingProjectMatrix" name="test_first_project_has_matrix" time="0.367" /></testsuite></testsuites>