<?xml version="1.0" encoding="utf-8"?><testsuites name="pytest tests"><testsuite name="pytest" errors="0" failures="0" skipped="0" tests="3" time="3.376" timestamp="2026-07-04T15:33:44.675589+00:00" hostname="agent-env-29ea25b8-e10c-4459-a6ad-499c6a5e583e"><testcase classname="backend.tests.test_reporte_ejecutivo_logo_constructora" name="test_pdf_sin_constructora_no_regresion" time="1.163" /><testcase classname="backend.tests.test_reporte_ejecutivo_logo_constructora" name="test_pdf_con_constructora_y_logo" time="1.145" /><testcase classname="backend.tests.test_reporte_ejecutivo_logo_constructora" name="test_pdf_con_constructora_sin_logo_no_falla" time="0.996" /></testsuite></testsuites>