<?xml version="1.0" encoding="utf-8"?><testsuites name="pytest tests"><testsuite name="pytest" errors="0" failures="1" skipped="0" tests="14" time="39.680" timestamp="2026-02-18T23:23:16.639497+00:00" hostname="agent-env-c4548168-3f98-41a9-893f-3cd40bf96d74"><testcase classname="backend.tests.test_comparacion_planes.TestComparacionPlanesEndpoints" name="test_proyecto_has_analisis_maquinaria_ia" time="0.208" /><testcase classname="backend.tests.test_comparacion_planes.TestComparacionPlanesEndpoints" name="test_get_comparacion_planes_endpoint_exists" time="0.076" /><testcase classname="backend.tests.test_comparacion_planes.TestComparacionPlanesEndpoints" name="test_get_comparacion_planes_for_nonexistent_project" time="0.075" /><testcase classname="backend.tests.test_comparacion_planes.TestComparacionPlanesEndpoints" name="test_post_comparar_plan_ia_endpoint_exists" time="4.106" /><testcase classname="backend.tests.test_comparacion_planes.TestComparacionPlanesEndpoints" name="test_post_comparar_plan_ia_generates_comparison" time="5.074" /><testcase classname="backend.tests.test_comparacion_planes.TestComparacionPlanesEndpoints" name="test_comparacion_datos_usuario_structure" time="3.696" /><testcase classname="backend.tests.test_comparacion_planes.TestComparacionPlanesEndpoints" name="test_comparacion_datos_ia_structure" time="4.658" /><testcase classname="backend.tests.test_comparacion_planes.TestComparacionPlanesEndpoints" name="test_comparacion_datos_reales_structure" time="4.987" /><testcase classname="backend.tests.test_comparacion_planes.TestComparacionPlanesEndpoints" name="test_get_comparacion_after_post" time="4.315" /><testcase classname="backend.tests.test_comparacion_planes.TestComparacionPlanesEndpoints" name="test_comparacion_has_analisis_ia" time="3.399" /><testcase classname="backend.tests.test_comparacion_planes.TestComparacionPlanesEndpoints" name="test_post_comparar_plan_ia_for_project_without_ia" time="0.128" /><testcase classname="backend.tests.test_comparacion_planes.TestComparacionVeredicto" name="test_veredicto_values" time="4.924" /><testcase classname="backend.tests.test_comparacion_planes.TestComparacionVeredicto" name="test_evaluacion_mejor_plan_values" time="3.895" /><testcase classname="backend.tests.test_comparacion_planes.TestDashboardComparacionesResumen" name="test_dashboard_comparaciones_resumen_endpoint" time="0.070"><failure message="AssertionError: Response should be a list&#10;assert False&#10; +  where False = isinstance({'proyectos': [{'avance_actual': 0.0, 'datos_ia': {'rendimiento_anclas_dia': 5, 'rendimiento_excavacion_m3_dia': 500, 'rendimiento_pilas_dia': 3, 'semanas_anclas': 3.0, ...}, 'datos_reales': {'anclas_instaladas': 0, 'pilas_completadas': 0, 'semanas_transcurridas': 1, 'volumen_excavado': 0}, 'datos_usuario': {'anclas_planeadas': 0, 'pilas_planeadas': 0, 'semanas_anclas': 0, 'semanas_excavacion': 0, ...}, ...}]}, list)">backend/tests/test_comparacion_planes.py:232: in test_dashboard_comparaciones_resumen_endpoint
    assert isinstance(data, list), "Response should be a list"
E   AssertionError: Response should be a list
E   assert False
E    +  where False = isinstance({'proyectos': [{'avance_actual': 0.0, 'datos_ia': {'rendimiento_anclas_dia': 5, 'rendimiento_excavacion_m3_dia': 500, 'rendimiento_pilas_dia': 3, 'semanas_anclas': 3.0, ...}, 'datos_reales': {'anclas_instaladas': 0, 'pilas_completadas': 0, 'semanas_transcurridas': 1, 'volumen_excavado': 0}, 'datos_usuario': {'anclas_planeadas': 0, 'pilas_planeadas': 0, 'semanas_anclas': 0, 'semanas_excavacion': 0, ...}, ...}]}, list)</failure></testcase></testsuite></testsuites>