<?xml version="1.0" encoding="utf-8"?><testsuites name="pytest tests"><testsuite name="pytest" errors="0" failures="0" skipped="0" tests="21" time="8.104" timestamp="2026-02-18T21:37:52.713656+00:00" hostname="agent-env-6ddfe460-56b4-4e42-a279-1c12a2fce65d"><testcase classname="backend.tests.test_refactored_backend.TestAPIRoot" name="test_api_root_returns_200" time="0.171" /><testcase classname="backend.tests.test_refactored_backend.TestAuthenticationAfterRefactor" name="test_admin_login" time="0.444" /><testcase classname="backend.tests.test_refactored_backend.TestAuthenticationAfterRefactor" name="test_client_login" time="0.497" /><testcase classname="backend.tests.test_refactored_backend.TestAuthenticationAfterRefactor" name="test_invalid_login" time="0.170" /><testcase classname="backend.tests.test_refactored_backend.TestAuthenticationAfterRefactor" name="test_auth_me_with_token" time="0.541" /><testcase classname="backend.tests.test_refactored_backend.TestProyectosEndpoints" name="test_list_proyectos" time="0.146" /><testcase classname="backend.tests.test_refactored_backend.TestProyectosEndpoints" name="test_get_proyecto_by_id" time="0.280" /><testcase classname="backend.tests.test_refactored_backend.TestProyectosEndpoints" name="test_get_proyecto_not_found" time="0.185" /><testcase classname="backend.tests.test_refactored_backend.TestProyectosEndpoints" name="test_create_and_delete_proyecto" time="0.690" /><testcase classname="backend.tests.test_refactored_backend.TestEstadisticasEndpoint" name="test_get_estadisticas_resumen" time="0.153" /><testcase classname="backend.tests.test_refactored_backend.TestAvancesSemanales" name="test_list_avances_semanales" time="0.258" /><testcase classname="backend.tests.test_refactored_backend.TestAvancesSemanales" name="test_create_avance_semanal" time="0.630" /><testcase classname="backend.tests.test_refactored_backend.TestExportEndpoints" name="test_export_excel" time="0.133" /><testcase classname="backend.tests.test_refactored_backend.TestExportEndpoints" name="test_export_pdf" time="0.126" /><testcase classname="backend.tests.test_refactored_backend.TestSolicitudesVuelo" name="test_list_solicitudes_as_admin" time="0.491" /><testcase classname="backend.tests.test_refactored_backend.TestSolicitudesVuelo" name="test_list_solicitudes_as_client" time="0.544" /><testcase classname="backend.tests.test_refactored_backend.TestSolicitudesVuelo" name="test_create_solicitud_as_client" time="0.754" /><testcase classname="backend.tests.test_refactored_backend.TestVuelosEndpoints" name="test_list_vuelos" time="0.164" /><testcase classname="backend.tests.test_refactored_backend.TestVuelosEndpoints" name="test_create_and_delete_vuelo" time="0.628" /><testcase classname="backend.tests.test_refactored_backend.TestUsersEndpoint" name="test_admin_can_list_users" time="0.578" /><testcase classname="backend.tests.test_refactored_backend.TestUsersEndpoint" name="test_client_cannot_list_users" time="0.473" /></testsuite></testsuites>