<?xml version="1.0" encoding="utf-8"?><testsuites name="pytest tests"><testsuite name="pytest" errors="0" failures="0" skipped="0" tests="32" time="6.226" timestamp="2026-02-03T17:25:39.867576+00:00" hostname="agent-env-d54abb25-fcb9-4fcb-b346-009a9068f863"><testcase classname="backend.tests.test_auth_solicitudes.TestAuthEndpoints" name="test_login_admin_success" time="0.350" /><testcase classname="backend.tests.test_auth_solicitudes.TestAuthEndpoints" name="test_login_client_success" time="0.260" /><testcase classname="backend.tests.test_auth_solicitudes.TestAuthEndpoints" name="test_login_invalid_email" time="0.034" /><testcase classname="backend.tests.test_auth_solicitudes.TestAuthEndpoints" name="test_login_invalid_password" time="0.257" /><testcase classname="backend.tests.test_auth_solicitudes.TestAuthEndpoints" name="test_get_me_with_admin_token" time="0.292" /><testcase classname="backend.tests.test_auth_solicitudes.TestAuthEndpoints" name="test_get_me_with_client_token" time="0.298" /><testcase classname="backend.tests.test_auth_solicitudes.TestAuthEndpoints" name="test_get_me_without_token" time="0.033" /><testcase classname="backend.tests.test_auth_solicitudes.TestAuthEndpoints" name="test_get_me_with_invalid_token" time="0.037" /><testcase classname="backend.tests.test_auth_solicitudes.TestSolicitudesVueloEndpoints" name="test_admin_can_list_all_solicitudes" time="0.296" /><testcase classname="backend.tests.test_auth_solicitudes.TestSolicitudesVueloEndpoints" name="test_client_can_list_own_solicitudes" time="0.295" /><testcase classname="backend.tests.test_auth_solicitudes.TestSolicitudesVueloEndpoints" name="test_client_can_create_solicitud" time="0.530" /><testcase classname="backend.tests.test_auth_solicitudes.TestSolicitudesVueloEndpoints" name="test_admin_can_update_solicitud_estado" time="0.569" /><testcase classname="backend.tests.test_auth_solicitudes.TestSolicitudesVueloEndpoints" name="test_client_cannot_update_solicitud_estado" time="0.584" /><testcase classname="backend.tests.test_auth_solicitudes.TestSolicitudesVueloEndpoints" name="test_update_solicitud_invalid_estado" time="0.325" /><testcase classname="backend.tests.test_auth_solicitudes.TestAdminOnlyEndpoints" name="test_admin_can_list_users" time="0.293" /><testcase classname="backend.tests.test_auth_solicitudes.TestAdminOnlyEndpoints" name="test_client_cannot_list_users" time="0.291" /><testcase classname="backend.tests.test_auth_solicitudes.TestRegistration" name="test_register_new_user" time="0.255" /><testcase classname="backend.tests.test_auth_solicitudes.TestRegistration" name="test_register_duplicate_email" time="0.052" /><testcase classname="backend.tests.test_proyectos_api.TestHealthAndBasicEndpoints" name="test_api_root" time="0.033" /><testcase classname="backend.tests.test_proyectos_api.TestProyectosEndpoints" name="test_get_all_proyectos" time="0.037" /><testcase classname="backend.tests.test_proyectos_api.TestProyectosEndpoints" name="test_get_proyecto_by_id" time="0.202" /><testcase classname="backend.tests.test_proyectos_api.TestProyectosEndpoints" name="test_get_proyecto_not_found" time="0.034" /><testcase classname="backend.tests.test_proyectos_api.TestProyectosEndpoints" name="test_create_and_delete_proyecto" time="0.145" /><testcase classname="backend.tests.test_proyectos_api.TestProyectosEndpoints" name="test_update_proyecto_put" time="0.143" /><testcase classname="backend.tests.test_proyectos_api.TestProyectosEndpoints" name="test_update_proyecto_volumetria" time="0.100" /><testcase classname="backend.tests.test_proyectos_api.TestProyectosEndpoints" name="test_update_proyecto_pix4d_url" time="0.104" /><testcase classname="backend.tests.test_proyectos_api.TestProyectosEndpoints" name="test_update_proyecto_not_found" time="0.038" /><testcase classname="backend.tests.test_proyectos_api.TestVuelosEndpoints" name="test_get_all_vuelos" time="0.030" /><testcase classname="backend.tests.test_proyectos_api.TestVuelosEndpoints" name="test_get_vuelos_by_proyecto" time="0.039" /><testcase classname="backend.tests.test_proyectos_api.TestVuelosEndpoints" name="test_get_vuelo_by_id" time="0.104" /><testcase classname="backend.tests.test_proyectos_api.TestVuelosEndpoints" name="test_get_vuelo_not_found" time="0.039" /><testcase classname="backend.tests.test_proyectos_api.TestEstadisticasEndpoints" name="test_get_estadisticas_resumen" time="0.032" /></testsuite></testsuites>