<?xml version="1.0" encoding="utf-8"?><testsuites name="pytest tests"><testsuite name="pytest" errors="0" failures="0" skipped="0" tests="25" time="2.571" timestamp="2026-02-17T20:21:17.934881+00:00" hostname="agent-env-d68fa9ba-3252-45dc-98e0-d83ed6f5f03c"><testcase classname="tests.test_comparacion_avance.TestComparacionAvanceEndpoints" name="test_get_comparaciones_endpoint_exists" time="0.162" /><testcase classname="tests.test_comparacion_avance.TestComparacionAvanceEndpoints" name="test_get_comparaciones_returns_existing_data" time="0.068" /><testcase classname="tests.test_comparacion_avance.TestComparacionAvanceEndpoints" name="test_get_comparaciones_for_nonexistent_project" time="0.073" /><testcase classname="tests.test_comparacion_avance.TestComparacionAvanceEndpoints" name="test_comparar_avance_endpoint_requires_pdf" time="0.070" /><testcase classname="tests.test_comparacion_avance.TestComparacionAvanceEndpoints" name="test_comparar_avance_rejects_non_pdf" time="0.298" /><testcase classname="tests.test_comparacion_avance.TestAvancesSemanalesEndpoints" name="test_get_avances_semanales" time="0.078" /><testcase classname="tests.test_comparacion_avance.TestAvancesSemanalesEndpoints" name="test_avances_semanales_structure" time="0.077" /><testcase classname="tests.test_comparacion_avance.TestProyectoEndpoints" name="test_get_proyecto_details" time="0.083" /><testcase classname="tests.test_comparacion_avance.TestProyectoEndpoints" name="test_proyecto_has_metrics_for_comparison" time="0.066" /><testcase classname="tests.test_comparacion_avance.TestAuthEndpoints" name="test_login_success" time="0.287" /><testcase classname="tests.test_comparacion_avance.TestAuthEndpoints" name="test_login_invalid_credentials" time="0.066" /><testcase classname="tests.test_comparacion_avance.TestComparacionDataIntegrity" name="test_comparison_has_valid_metrics" time="0.068" /><testcase classname="tests.test_comparacion_avance.TestComparacionDataIntegrity" name="test_comparison_states_are_valid" time="0.097" /><testcase classname="tests.test_e2e_3fases.TestE2E3FasesProject" name="test_project_exists" time="0.120" /><testcase classname="tests.test_e2e_3fases.TestE2E3FasesProject" name="test_project_has_correct_avance" time="0.059" /><testcase classname="tests.test_e2e_3fases.TestE2E3FasesProject" name="test_project_has_3_phases_metrics" time="0.061" /><testcase classname="tests.test_e2e_3fases.TestE2E3FasesProject" name="test_project_avances_semanales" time="0.107" /><testcase classname="tests.test_e2e_3fases.TestTorreCorporativaComparaciones" name="test_project_has_comparaciones" time="0.083" /><testcase classname="tests.test_e2e_3fases.TestTorreCorporativaComparaciones" name="test_comparacion_structure" time="0.099" /><testcase classname="tests.test_e2e_3fases.TestProjectSelection" name="test_list_all_projects" time="0.103" /><testcase classname="tests.test_e2e_3fases.TestProjectSelection" name="test_project_details_endpoint" time="0.073" /><testcase classname="tests.test_e2e_3fases.TestAvanceSemanalCreation" name="test_create_avance_semanal_validation" time="0.089" /><testcase classname="tests.test_e2e_3fases.TestAvanceSemanalCreation" name="test_avance_semanal_duplicate_week_rejected" time="0.097" /><testcase classname="tests.test_e2e_3fases.TestNavigationEndpoints" name="test_estadisticas_resumen" time="0.082" /><testcase classname="tests.test_e2e_3fases.TestNavigationEndpoints" name="test_vuelos_endpoint" time="0.077" /></testsuite></testsuites>