<?xml version="1.0" encoding="utf-8"?><testsuites name="pytest tests"><testsuite name="pytest" errors="0" failures="0" skipped="0" tests="13" time="1.673" timestamp="2026-02-17T19:58:16.083126+00:00" hostname="agent-env-d68fa9ba-3252-45dc-98e0-d83ed6f5f03c"><testcase classname="backend.tests.test_comparacion_avance.TestComparacionAvanceEndpoints" name="test_get_comparaciones_endpoint_exists" time="0.168" /><testcase classname="backend.tests.test_comparacion_avance.TestComparacionAvanceEndpoints" name="test_get_comparaciones_returns_existing_data" time="0.058" /><testcase classname="backend.tests.test_comparacion_avance.TestComparacionAvanceEndpoints" name="test_get_comparaciones_for_nonexistent_project" time="0.128" /><testcase classname="backend.tests.test_comparacion_avance.TestComparacionAvanceEndpoints" name="test_comparar_avance_endpoint_requires_pdf" time="0.076" /><testcase classname="backend.tests.test_comparacion_avance.TestComparacionAvanceEndpoints" name="test_comparar_avance_rejects_non_pdf" time="0.408" /><testcase classname="backend.tests.test_comparacion_avance.TestAvancesSemanalesEndpoints" name="test_get_avances_semanales" time="0.061" /><testcase classname="backend.tests.test_comparacion_avance.TestAvancesSemanalesEndpoints" name="test_avances_semanales_structure" time="0.060" /><testcase classname="backend.tests.test_comparacion_avance.TestProyectoEndpoints" name="test_get_proyecto_details" time="0.061" /><testcase classname="backend.tests.test_comparacion_avance.TestProyectoEndpoints" name="test_proyecto_has_metrics_for_comparison" time="0.052" /><testcase classname="backend.tests.test_comparacion_avance.TestAuthEndpoints" name="test_login_success" time="0.389" /><testcase classname="backend.tests.test_comparacion_avance.TestAuthEndpoints" name="test_login_invalid_credentials" time="0.064" /><testcase classname="backend.tests.test_comparacion_avance.TestComparacionDataIntegrity" name="test_comparison_has_valid_metrics" time="0.060" /><testcase classname="backend.tests.test_comparacion_avance.TestComparacionDataIntegrity" name="test_comparison_states_are_valid" time="0.068" /></testsuite></testsuites>