<?xml version="1.0" encoding="utf-8"?><testsuites name="pytest tests"><testsuite name="pytest" errors="0" failures="0" skipped="0" tests="14" time="1.151" timestamp="2026-01-26T19:48:33.638002+00:00" hostname="agent-env-ac129829-96c5-419e-9327-ce4577128729"><testcase classname="backend.tests.test_proyectos_api.TestHealthAndBasicEndpoints" name="test_api_root" time="0.073" /><testcase classname="backend.tests.test_proyectos_api.TestProyectosEndpoints" name="test_get_all_proyectos" time="0.037" /><testcase classname="backend.tests.test_proyectos_api.TestProyectosEndpoints" name="test_get_proyecto_by_id" time="0.041" /><testcase classname="backend.tests.test_proyectos_api.TestProyectosEndpoints" name="test_get_proyecto_not_found" time="0.042" /><testcase classname="backend.tests.test_proyectos_api.TestProyectosEndpoints" name="test_create_and_delete_proyecto" time="0.169" /><testcase classname="backend.tests.test_proyectos_api.TestProyectosEndpoints" name="test_update_proyecto_put" time="0.160" /><testcase classname="backend.tests.test_proyectos_api.TestProyectosEndpoints" name="test_update_proyecto_volumetria" time="0.152" /><testcase classname="backend.tests.test_proyectos_api.TestProyectosEndpoints" name="test_update_proyecto_pix4d_url" time="0.112" /><testcase classname="backend.tests.test_proyectos_api.TestProyectosEndpoints" name="test_update_proyecto_not_found" time="0.036" /><testcase classname="backend.tests.test_proyectos_api.TestVuelosEndpoints" name="test_get_all_vuelos" time="0.037" /><testcase classname="backend.tests.test_proyectos_api.TestVuelosEndpoints" name="test_get_vuelos_by_proyecto" time="0.038" /><testcase classname="backend.tests.test_proyectos_api.TestVuelosEndpoints" name="test_get_vuelo_by_id" time="0.075" /><testcase classname="backend.tests.test_proyectos_api.TestVuelosEndpoints" name="test_get_vuelo_not_found" time="0.069" /><testcase classname="backend.tests.test_proyectos_api.TestEstadisticasEndpoints" name="test_get_estadisticas_resumen" time="0.041" /></testsuite></testsuites>