<?xml version="1.0" encoding="utf-8"?><testsuites name="pytest tests"><testsuite name="pytest" errors="0" failures="0" skipped="0" tests="11" time="2.893" timestamp="2026-02-19T20:25:39.378420+00:00" hostname="agent-env-b49e0422-2741-4c4f-b247-02385d8f1272"><testcase classname="backend.tests.test_chunked_upload.TestInitUpload" name="test_init_upload_success" time="0.632" /><testcase classname="backend.tests.test_chunked_upload.TestInitUpload" name="test_init_upload_invalid_extension" time="0.068" /><testcase classname="backend.tests.test_chunked_upload.TestInitUpload" name="test_init_upload_avance_not_found" time="0.097" /><testcase classname="backend.tests.test_chunked_upload.TestUploadChunk" name="test_upload_chunk_success" time="0.185" /><testcase classname="backend.tests.test_chunked_upload.TestUploadChunk" name="test_upload_chunk_invalid_session" time="0.158" /><testcase classname="backend.tests.test_chunked_upload.TestCompleteUpload" name="test_complete_upload_success" time="0.414" /><testcase classname="backend.tests.test_chunked_upload.TestCompleteUpload" name="test_complete_upload_missing_chunks" time="0.272" /><testcase classname="backend.tests.test_chunked_upload.TestCompleteUpload" name="test_complete_upload_invalid_session" time="0.055" /><testcase classname="backend.tests.test_chunked_upload.TestChunksCleanup" name="test_chunks_deleted_after_complete" time="0.465" /><testcase classname="backend.tests.test_chunked_upload.TestAvanceUpdate" name="test_avance_updated_with_model_url" time="0.327" /><testcase classname="backend.tests.test_chunked_upload.TestGridFSModelAccess" name="test_access_model_from_gridfs" time="0.183" /></testsuite></testsuites>