<?xml version="1.0" encoding="utf-8"?><testsuites name="pytest tests"><testsuite name="pytest" errors="0" failures="0" skipped="0" tests="12" time="1.446" timestamp="2026-02-17T20:20:28.063982+00:00" hostname="agent-env-d68fa9ba-3252-45dc-98e0-d83ed6f5f03c"><testcase classname="tests.test_e2e_3fases.TestE2E3FasesProject" name="test_project_exists" time="0.328" /><testcase classname="tests.test_e2e_3fases.TestE2E3FasesProject" name="test_project_has_correct_avance" time="0.124" /><testcase classname="tests.test_e2e_3fases.TestE2E3FasesProject" name="test_project_has_3_phases_metrics" time="0.093" /><testcase classname="tests.test_e2e_3fases.TestE2E3FasesProject" name="test_project_avances_semanales" time="0.109" /><testcase classname="tests.test_e2e_3fases.TestTorreCorporativaComparaciones" name="test_project_has_comparaciones" time="0.167" /><testcase classname="tests.test_e2e_3fases.TestTorreCorporativaComparaciones" name="test_comparacion_structure" time="0.105" /><testcase classname="tests.test_e2e_3fases.TestProjectSelection" name="test_list_all_projects" time="0.076" /><testcase classname="tests.test_e2e_3fases.TestProjectSelection" name="test_project_details_endpoint" time="0.098" /><testcase classname="tests.test_e2e_3fases.TestAvanceSemanalCreation" name="test_create_avance_semanal_validation" time="0.077" /><testcase classname="tests.test_e2e_3fases.TestAvanceSemanalCreation" name="test_avance_semanal_duplicate_week_rejected" time="0.096" /><testcase classname="tests.test_e2e_3fases.TestNavigationEndpoints" name="test_estadisticas_resumen" time="0.072" /><testcase classname="tests.test_e2e_3fases.TestNavigationEndpoints" name="test_vuelos_endpoint" time="0.070" /></testsuite></testsuites>