<?xml version="1.0" encoding="utf-8"?><testsuites name="pytest tests"><testsuite name="pytest" errors="0" failures="1" skipped="0" tests="13" time="4.723" timestamp="2026-02-17T00:42:20.735742+00:00" hostname="agent-env-4d27d230-940f-4785-840e-c18e3509b7ca"><testcase classname="backend.tests.test_cronograma_tipos.TestCronogramaImport" name="test_importar_cronograma_success" time="0.546" /><testcase classname="backend.tests.test_cronograma_tipos.TestCronogramaImport" name="test_importar_cronograma_invalid_file" time="0.133" /><testcase classname="backend.tests.test_cronograma_tipos.TestCrearProyectoDesdeCronograma" name="test_crear_proyecto_con_tipos_actividades" time="0.694" /><testcase classname="backend.tests.test_cronograma_tipos.TestProyectoActividadesTipo" name="test_proyecto_update_actividades_tipo" time="0.537" /><testcase classname="backend.tests.test_cronograma_tipos.TestProyectoActividadesTipo" name="test_proyecto_metricas_ejecutadas" time="0.518" /><testcase classname="backend.tests.test_cronograma_tipos.TestDashboardEstadisticas" name="test_estadisticas_endpoint" time="0.115"><failure message="assert 404 == 200&#10; +  where 404 = &lt;Response [404]&gt;.status_code">backend/tests/test_cronograma_tipos.py:248: in test_estadisticas_endpoint
    assert response.status_code == 200
E   assert 404 == 200
E    +  where 404 = &lt;Response [404]&gt;.status_code</failure></testcase><testcase classname="backend.tests.test_cronograma_tipos.TestPlantillaCronograma" name="test_descargar_plantilla" time="0.137" /><testcase classname="backend.tests.test_cronograma_tipos.TestAuthEndpoints" name="test_admin_login" time="0.361" /><testcase classname="backend.tests.test_cronograma_tipos.TestAuthEndpoints" name="test_client_login" time="0.408" /><testcase classname="backend.tests.test_cronograma_tipos.TestAuthEndpoints" name="test_invalid_login" time="0.114" /><testcase classname="backend.tests.test_cronograma_tipos.TestProyectosAPI" name="test_listar_proyectos" time="0.136" /><testcase classname="backend.tests.test_cronograma_tipos.TestProyectosAPI" name="test_crear_y_obtener_proyecto" time="0.394" /><testcase classname="backend.tests.test_cronograma_tipos.TestAvancesSemanales" name="test_listar_avances_semanales" time="0.560" /></testsuite></testsuites>