<?xml version="1.0" encoding="utf-8"?><testsuites name="pytest tests"><testsuite name="pytest" errors="0" failures="0" skipped="0" tests="9" time="1.633" timestamp="2026-02-18T23:41:42.498414+00:00" hostname="agent-env-c4548168-3f98-41a9-893f-3cd40bf96d74"><testcase classname="backend.tests.test_cronograma_proyecto.TestCronogramaEndpoints" name="test_get_cronograma_info_no_cronograma" time="0.155" /><testcase classname="backend.tests.test_cronograma_proyecto.TestCronogramaEndpoints" name="test_get_cronograma_project_not_found" time="0.156" /><testcase classname="backend.tests.test_cronograma_proyecto.TestCronogramaEndpoints" name="test_download_plantilla_cronograma" time="0.185" /><testcase classname="backend.tests.test_cronograma_proyecto.TestCronogramaEndpoints" name="test_upload_cronograma_invalid_file_type" time="0.170" /><testcase classname="backend.tests.test_cronograma_proyecto.TestCronogramaEndpoints" name="test_upload_cronograma_project_not_found" time="0.263" /><testcase classname="backend.tests.test_cronograma_proyecto.TestCronogramaEndpoints" name="test_upload_cronograma_with_template" time="0.291" /><testcase classname="backend.tests.test_cronograma_proyecto.TestCronogramaEndpoints" name="test_get_cronograma_after_upload" time="0.131" /><testcase classname="backend.tests.test_cronograma_proyecto.TestCronogramaIntegration" name="test_list_projects_shows_cronograma_status" time="0.119" /><testcase classname="backend.tests.test_cronograma_proyecto.TestCronogramaIntegration" name="test_get_single_project_has_cronograma_fields" time="0.132" /></testsuite></testsuites>