<?xml version="1.0" encoding="utf-8"?><testsuites name="pytest tests"><testsuite name="pytest" errors="0" failures="0" skipped="0" tests="22" time="57.433" timestamp="2026-02-18T22:54:35.599617+00:00" hostname="agent-env-6ddfe460-56b4-4e42-a279-1c12a2fce65d"><testcase classname="backend.tests.test_catalogo_maquinaria.TestCatalogoMaquinaria" name="test_api_root" time="0.661" /><testcase classname="backend.tests.test_catalogo_maquinaria.TestCatalogoMaquinaria" name="test_admin_login" time="0.806" /><testcase classname="backend.tests.test_catalogo_maquinaria.TestCatalogoMaquinaria" name="test_list_proyectos" time="0.629" /><testcase classname="backend.tests.test_catalogo_maquinaria.TestCatalogoMaquinaria" name="test_guardar_catalogo_maquinaria" time="0.702" /><testcase classname="backend.tests.test_catalogo_maquinaria.TestCatalogoMaquinaria" name="test_obtener_catalogo_maquinaria" time="0.631" /><testcase classname="backend.tests.test_catalogo_maquinaria.TestCatalogoMaquinaria" name="test_catalogo_maquinaria_not_found" time="0.775" /><testcase classname="backend.tests.test_catalogo_maquinaria.TestAvancesSemanalSinURL" name="test_crear_avance_semanal_sin_url" time="0.880" /><testcase classname="backend.tests.test_catalogo_maquinaria.TestAvancesSemanalSinURL" name="test_listar_avances_semanales" time="0.626" /><testcase classname="backend.tests.test_catalogo_maquinaria.TestAnalizarCatalogoMaquinaria" name="test_analizar_catalogo_sin_archivo" time="0.125" /><testcase classname="backend.tests.test_catalogo_maquinaria.TestAnalizarCatalogoMaquinaria" name="test_analizar_catalogo_archivo_invalido" time="0.170" /><testcase classname="backend.tests.test_catalogo_maquinaria.TestExistingFunctionality" name="test_admin_login" time="0.347" /><testcase classname="backend.tests.test_catalogo_maquinaria.TestExistingFunctionality" name="test_estadisticas_resumen" time="0.131" /><testcase classname="backend.tests.test_catalogo_maquinaria.TestExistingFunctionality" name="test_export_excel" time="0.158" /><testcase classname="backend.tests.test_catalogo_maquinaria.TestExistingFunctionality" name="test_export_pdf" time="0.157" /><testcase classname="backend.tests.test_catalogo_ai_analysis.TestCatalogoAIAnalysis" name="test_analizar_catalogo_with_real_excel" time="22.422" /><testcase classname="backend.tests.test_catalogo_ai_analysis.TestCatalogoAIAnalysis" name="test_analizar_catalogo_parameters_validation" time="24.670" /><testcase classname="backend.tests.test_catalogo_ai_analysis.TestCatalogoAIAnalysis" name="test_guardar_y_recuperar_parametros_proyecto" time="0.858" /><testcase classname="backend.tests.test_catalogo_ai_analysis.TestAnalizarFotoAvance" name="test_analizar_foto_sin_imagen" time="0.970" /><testcase classname="backend.tests.test_catalogo_ai_analysis.TestAnalizarFotoAvance" name="test_analizar_foto_avance_not_found" time="0.829" /><testcase classname="backend.tests.test_catalogo_ai_analysis.TestAdminLoginAndProyectos" name="test_admin_login" time="0.375" /><testcase classname="backend.tests.test_catalogo_ai_analysis.TestAdminLoginAndProyectos" name="test_admin_login_wrong_password" time="0.357" /><testcase classname="backend.tests.test_catalogo_ai_analysis.TestAdminLoginAndProyectos" name="test_listar_proyectos" time="0.118" /></testsuite></testsuites>