<?xml version="1.0" encoding="utf-8"?><testsuites name="pytest tests"><testsuite name="pytest" errors="0" failures="0" skipped="0" tests="9" time="2.328" timestamp="2026-02-17T20:53:20.586174+00:00" hostname="agent-env-d68fa9ba-3252-45dc-98e0-d83ed6f5f03c"><testcase classname="backend.tests.test_reporte_semanal.TestWeeklyReport" name="test_weekly_report_endpoint_requires_auth" time="0.145" /><testcase classname="backend.tests.test_reporte_semanal.TestWeeklyReport" name="test_weekly_report_endpoint_requires_admin" time="0.693" /><testcase classname="backend.tests.test_reporte_semanal.TestWeeklyReport" name="test_weekly_report_response_format" time="0.724" /><testcase classname="backend.tests.test_reporte_semanal.TestIAAnalysis" name="test_ia_analysis_endpoint_exists" time="0.244" /><testcase classname="backend.tests.test_reporte_semanal.TestSchedulerConfiguration" name="test_scheduler_cron_trigger" time="0.001" /><testcase classname="backend.tests.test_reporte_semanal.TestSchedulerConfiguration" name="test_scheduler_startup_event" time="0.000" /><testcase classname="backend.tests.test_reporte_semanal.TestSchedulerConfiguration" name="test_scheduler_shutdown_event" time="0.000" /><testcase classname="backend.tests.test_reporte_semanal.TestAPIHealth" name="test_api_root" time="0.128" /><testcase classname="backend.tests.test_reporte_semanal.TestAPIHealth" name="test_auth_login" time="0.375" /></testsuite></testsuites>