<?xml version="1.0" encoding="utf-8"?><testsuites name="pytest tests"><testsuite name="pytest" errors="0" failures="0" skipped="0" tests="14" time="7.207" timestamp="2026-02-18T22:03:12.902200+00:00" hostname="agent-env-6ddfe460-56b4-4e42-a279-1c12a2fce65d"><testcase classname="backend.tests.test_catalogo_maquinaria.TestCatalogoMaquinaria" name="test_api_root" time="0.746" /><testcase classname="backend.tests.test_catalogo_maquinaria.TestCatalogoMaquinaria" name="test_admin_login" time="0.951" /><testcase classname="backend.tests.test_catalogo_maquinaria.TestCatalogoMaquinaria" name="test_list_proyectos" time="0.623" /><testcase classname="backend.tests.test_catalogo_maquinaria.TestCatalogoMaquinaria" name="test_guardar_catalogo_maquinaria" time="0.673" /><testcase classname="backend.tests.test_catalogo_maquinaria.TestCatalogoMaquinaria" name="test_obtener_catalogo_maquinaria" time="0.862" /><testcase classname="backend.tests.test_catalogo_maquinaria.TestCatalogoMaquinaria" name="test_catalogo_maquinaria_not_found" time="0.602" /><testcase classname="backend.tests.test_catalogo_maquinaria.TestAvancesSemanalSinURL" name="test_crear_avance_semanal_sin_url" time="0.938" /><testcase classname="backend.tests.test_catalogo_maquinaria.TestAvancesSemanalSinURL" name="test_listar_avances_semanales" time="0.669" /><testcase classname="backend.tests.test_catalogo_maquinaria.TestAnalizarCatalogoMaquinaria" name="test_analizar_catalogo_sin_archivo" time="0.131" /><testcase classname="backend.tests.test_catalogo_maquinaria.TestAnalizarCatalogoMaquinaria" name="test_analizar_catalogo_archivo_invalido" time="0.145" /><testcase classname="backend.tests.test_catalogo_maquinaria.TestExistingFunctionality" name="test_admin_login" time="0.392" /><testcase classname="backend.tests.test_catalogo_maquinaria.TestExistingFunctionality" name="test_estadisticas_resumen" time="0.126" /><testcase classname="backend.tests.test_catalogo_maquinaria.TestExistingFunctionality" name="test_export_excel" time="0.153" /><testcase classname="backend.tests.test_catalogo_maquinaria.TestExistingFunctionality" name="test_export_pdf" time="0.155" /></testsuite></testsuites>