<?xml version="1.0" encoding="utf-8"?><testsuites name="pytest tests"><testsuite name="pytest" errors="0" failures="0" skipped="0" tests="12" time="2.104" timestamp="2026-02-17T21:12:03.930310+00:00" hostname="agent-env-d68fa9ba-3252-45dc-98e0-d83ed6f5f03c"><testcase classname="backend.tests.test_export_metricas.TestExportMetricas" name="test_export_excel_returns_200" time="0.249" /><testcase classname="backend.tests.test_export_metricas.TestExportMetricas" name="test_export_excel_content_type" time="0.172" /><testcase classname="backend.tests.test_export_metricas.TestExportMetricas" name="test_export_excel_file_size" time="0.133" /><testcase classname="backend.tests.test_export_metricas.TestExportMetricas" name="test_export_excel_valid_xlsx_header" time="0.142" /><testcase classname="backend.tests.test_export_metricas.TestExportMetricas" name="test_export_excel_content_disposition" time="0.271" /><testcase classname="backend.tests.test_export_metricas.TestExportMetricas" name="test_export_pdf_returns_200" time="0.242" /><testcase classname="backend.tests.test_export_metricas.TestExportMetricas" name="test_export_pdf_content_type" time="0.134" /><testcase classname="backend.tests.test_export_metricas.TestExportMetricas" name="test_export_pdf_file_size" time="0.151" /><testcase classname="backend.tests.test_export_metricas.TestExportMetricas" name="test_export_pdf_valid_header" time="0.159" /><testcase classname="backend.tests.test_export_metricas.TestExportMetricas" name="test_export_pdf_content_disposition" time="0.129" /><testcase classname="backend.tests.test_export_metricas.TestExportMetricasDataContent" name="test_excel_contains_project_data" time="0.148" /><testcase classname="backend.tests.test_export_metricas.TestExportMetricasDataContent" name="test_pdf_contains_project_data" time="0.150" /></testsuite></testsuites>