<?xml version="1.0" encoding="utf-8"?><testsuites name="pytest tests"><testsuite name="pytest" errors="0" failures="0" skipped="0" tests="4" time="24.651" timestamp="2026-07-04T05:13:14.191457+00:00" hostname="agent-env-29ea25b8-e10c-4459-a6ad-499c6a5e583e"><testcase classname="backend.tests.test_reporte_ejecutivo_pdf" name="test_reporte_con_modelo_3d[Hotel Marriott GDL-51a604b9-e513-4a9b-ab96-b9706cae0dda]" time="8.608" /><testcase classname="backend.tests.test_reporte_ejecutivo_pdf" name="test_reporte_con_modelo_3d[Proyecto E2E 3 Fases Test-808bcba5-7792-492e-a2ee-fd9ff10e6e5e]" time="7.140" /><testcase classname="backend.tests.test_reporte_ejecutivo_pdf" name="test_reporte_con_modelo_3d[Torre Corporativa Demo-d250ab6b-56d5-48e5-b114-f1c7f9c04c59]" time="8.204" /><testcase classname="backend.tests.test_reporte_ejecutivo_pdf" name="test_reporte_sin_modelo_3d_no_regresa_error" time="0.632" /></testsuite></testsuites>